::1 - - [21/Feb/2022:12:17:42 +0000] "GET / HTTP/1.1" 200 1855 "-" "Mozilla/5.0 (Macintosh; Intel Mac OS X 10_15_7) AppleWebKit/537.36 (KHTML, like Gecko) Chrome/98.0.4758.102 Safari/537.36"
::1 - - [21/Feb/2022:12:17:42 +0000] "GET /css/home.css HTTP/1.1" 404 151 "http://localhost:8004/" "Mozilla/5.0 (Macintosh; Intel Mac OS X 10_15_7) AppleWebKit/537.36 (KHTML, like Gecko) Chrome/98.0.4758.102 Safari/537.36"
::1 - - [21/Feb/2022:12:17:42 +0000] "GET /css/home.css HTTP/1.1" 404 151 "http://localhost:8004/" "Mozilla/5.0 (Macintosh; Intel Mac OS X 10_15_7) AppleWebKit/537.36 (KHTML, like Gecko) Chrome/98.0.4758.102 Safari/537.36"
::1 - - [21/Feb/2022:12:17:46 +0000] "GET /users/sign-out HTTP/1.1" 302 46 "http://localhost:8004/" "Mozilla/5.0 (Macintosh; Intel Mac OS X 10_15_7) AppleWebKit/537.36 (KHTML, like Gecko) Chrome/98.0.4758.102 Safari/537.36"
::1 - - [21/Feb/2022:12:17:46 +0000] "GET / HTTP/1.1" 200 2101 "http://localhost:8004/" "Mozilla/5.0 (Macintosh; Intel Mac OS X 10_15_7) AppleWebKit/537.36 (KHTML, like Gecko) Chrome/98.0.4758.102 Safari/537.36"
::1 - - [21/Feb/2022:12:17:46 +0000] "GET /css/home.css HTTP/1.1" 404 151 "http://localhost:8004/" "Mozilla/5.0 (Macintosh; Intel Mac OS X 10_15_7) AppleWebKit/537.36 (KHTML, like Gecko) Chrome/98.0.4758.102 Safari/537.36"
::1 - - [22/Feb/2022:06:35:37 +0000] "GET / HTTP/1.1" 200 1860 "-" "Mozilla/5.0 (Macintosh; Intel Mac OS X 10_15_7) AppleWebKit/537.36 (KHTML, like Gecko) Chrome/98.0.4758.102 Safari/537.36"
::1 - - [22/Feb/2022:06:35:37 +0000] "GET /css/home.css HTTP/1.1" 404 151 "http://localhost:8004/" "Mozilla/5.0 (Macintosh; Intel Mac OS X 10_15_7) AppleWebKit/537.36 (KHTML, like Gecko) Chrome/98.0.4758.102 Safari/537.36"
::1 - - [22/Feb/2022:06:35:37 +0000] "GET /css/home.css HTTP/1.1" 404 151 "http://localhost:8004/" "Mozilla/5.0 (Macintosh; Intel Mac OS X 10_15_7) AppleWebKit/537.36 (KHTML, like Gecko) Chrome/98.0.4758.102 Safari/537.36"
::1 - - [22/Feb/2022:06:35:37 +0000] "GET /favicon.ico HTTP/1.1" 404 150 "http://localhost:8004/" "Mozilla/5.0 (Macintosh; Intel Mac OS X 10_15_7) AppleWebKit/537.36 (KHTML, like Gecko) Chrome/98.0.4758.102 Safari/537.36"
::1 - - [22/Feb/2022:06:35:40 +0000] "GET /users/sign-in HTTP/1.1" 200 2421 "http://localhost:8004/" "Mozilla/5.0 (Macintosh; Intel Mac OS X 10_15_7) AppleWebKit/537.36 (KHTML, like Gecko) Chrome/98.0.4758.102 Safari/537.36"
::1 - - [22/Feb/2022:06:36:16 +0000] "GET /users/sign-in HTTP/1.1" 304 - "http://localhost:8004/" "Mozilla/5.0 (Macintosh; Intel Mac OS X 10_15_7) AppleWebKit/537.36 (KHTML, like Gecko) Chrome/98.0.4758.102 Safari/537.36"
::1 - - [22/Feb/2022:06:36:16 +0000] "GET /users/sign-in HTTP/1.1" 304 - "http://localhost:8004/" "Mozilla/5.0 (Macintosh; Intel Mac OS X 10_15_7) AppleWebKit/537.36 (KHTML, like Gecko) Chrome/98.0.4758.102 Safari/537.36"
::1 - - [22/Feb/2022:06:36:17 +0000] "GET /users/sign-in HTTP/1.1" 304 - "http://localhost:8004/" "Mozilla/5.0 (Macintosh; Intel Mac OS X 10_15_7) AppleWebKit/537.36 (KHTML, like Gecko) Chrome/98.0.4758.102 Safari/537.36"
::1 - - [22/Feb/2022:06:36:23 +0000] "GET / HTTP/1.1" 304 - "-" "Mozilla/5.0 (Macintosh; Intel Mac OS X 10_15_7) AppleWebKit/537.36 (KHTML, like Gecko) Chrome/98.0.4758.102 Safari/537.36"
::1 - - [22/Feb/2022:06:36:23 +0000] "GET /css/home.css HTTP/1.1" 404 151 "http://localhost:8004/" "Mozilla/5.0 (Macintosh; Intel Mac OS X 10_15_7) AppleWebKit/537.36 (KHTML, like Gecko) Chrome/98.0.4758.102 Safari/537.36"
::1 - - [22/Feb/2022:06:36:25 +0000] "GET /users/sign-in HTTP/1.1" 304 - "http://localhost:8004/" "Mozilla/5.0 (Macintosh; Intel Mac OS X 10_15_7) AppleWebKit/537.36 (KHTML, like Gecko) Chrome/98.0.4758.102 Safari/537.36"
::1 - - [22/Feb/2022:06:54:55 +0000] "GET /users/sign-in HTTP/1.1" 200 2465 "http://localhost:8004/" "Mozilla/5.0 (Macintosh; Intel Mac OS X 10_15_7) AppleWebKit/537.36 (KHTML, like Gecko) Chrome/98.0.4758.102 Safari/537.36"
::1 - - [22/Feb/2022:06:54:55 +0000] "GET /css/layout-3968798113.css HTTP/1.1" 404 164 "http://localhost:8004/users/sign-in" "Mozilla/5.0 (Macintosh; Intel Mac OS X 10_15_7) AppleWebKit/537.36 (KHTML, like Gecko) Chrome/98.0.4758.102 Safari/537.36"
::1 - - [22/Feb/2022:06:54:55 +0000] "GET /css/header-4b19ca85b3.css HTTP/1.1" 404 164 "http://localhost:8004/users/sign-in" "Mozilla/5.0 (Macintosh; Intel Mac OS X 10_15_7) AppleWebKit/537.36 (KHTML, like Gecko) Chrome/98.0.4758.102 Safari/537.36"
::1 - - [22/Feb/2022:06:54:55 +0000] "GET /css/footer-d36b3adf2d.css HTTP/1.1" 404 164 "http://localhost:8004/users/sign-in" "Mozilla/5.0 (Macintosh; Intel Mac OS X 10_15_7) AppleWebKit/537.36 (KHTML, like Gecko) Chrome/98.0.4758.102 Safari/537.36"
::1 - - [22/Feb/2022:06:54:55 +0000] "GET /css/forms-cd48ab2e4c.css HTTP/1.1" 404 163 "http://localhost:8004/users/sign-in" "Mozilla/5.0 (Macintosh; Intel Mac OS X 10_15_7) AppleWebKit/537.36 (KHTML, like Gecko) Chrome/98.0.4758.102 Safari/537.36"
::1 - - [22/Feb/2022:06:54:56 +0000] "GET /users/sign-in HTTP/1.1" 304 - "http://localhost:8004/" "Mozilla/5.0 (Macintosh; Intel Mac OS X 10_15_7) AppleWebKit/537.36 (KHTML, like Gecko) Chrome/98.0.4758.102 Safari/537.36"
::1 - - [22/Feb/2022:06:54:56 +0000] "GET /css/layout-3968798113.css HTTP/1.1" 404 164 "http://localhost:8004/users/sign-in" "Mozilla/5.0 (Macintosh; Intel Mac OS X 10_15_7) AppleWebKit/537.36 (KHTML, like Gecko) Chrome/98.0.4758.102 Safari/537.36"
::1 - - [22/Feb/2022:06:54:56 +0000] "GET /css/footer-d36b3adf2d.css HTTP/1.1" 404 164 "http://localhost:8004/users/sign-in" "Mozilla/5.0 (Macintosh; Intel Mac OS X 10_15_7) AppleWebKit/537.36 (KHTML, like Gecko) Chrome/98.0.4758.102 Safari/537.36"
::1 - - [22/Feb/2022:06:54:56 +0000] "GET /css/header-4b19ca85b3.css HTTP/1.1" 404 164 "http://localhost:8004/users/sign-in" "Mozilla/5.0 (Macintosh; Intel Mac OS X 10_15_7) AppleWebKit/537.36 (KHTML, like Gecko) Chrome/98.0.4758.102 Safari/537.36"
::1 - - [22/Feb/2022:06:54:56 +0000] "GET /css/forms-cd48ab2e4c.css HTTP/1.1" 404 163 "http://localhost:8004/users/sign-in" "Mozilla/5.0 (Macintosh; Intel Mac OS X 10_15_7) AppleWebKit/537.36 (KHTML, like Gecko) Chrome/98.0.4758.102 Safari/537.36"
::1 - - [22/Feb/2022:06:54:56 +0000] "GET /users/sign-in HTTP/1.1" 304 - "http://localhost:8004/" "Mozilla/5.0 (Macintosh; Intel Mac OS X 10_15_7) AppleWebKit/537.36 (KHTML, like Gecko) Chrome/98.0.4758.102 Safari/537.36"
::1 - - [22/Feb/2022:06:54:56 +0000] "GET /css/layout-3968798113.css HTTP/1.1" 404 164 "http://localhost:8004/users/sign-in" "Mozilla/5.0 (Macintosh; Intel Mac OS X 10_15_7) AppleWebKit/537.36 (KHTML, like Gecko) Chrome/98.0.4758.102 Safari/537.36"
::1 - - [22/Feb/2022:06:54:56 +0000] "GET /css/footer-d36b3adf2d.css HTTP/1.1" 404 164 "http://localhost:8004/users/sign-in" "Mozilla/5.0 (Macintosh; Intel Mac OS X 10_15_7) AppleWebKit/537.36 (KHTML, like Gecko) Chrome/98.0.4758.102 Safari/537.36"
::1 - - [22/Feb/2022:06:54:56 +0000] "GET /css/header-4b19ca85b3.css HTTP/1.1" 404 164 "http://localhost:8004/users/sign-in" "Mozilla/5.0 (Macintosh; Intel Mac OS X 10_15_7) AppleWebKit/537.36 (KHTML, like Gecko) Chrome/98.0.4758.102 Safari/537.36"
::1 - - [22/Feb/2022:06:54:56 +0000] "GET /css/forms-cd48ab2e4c.css HTTP/1.1" 404 163 "http://localhost:8004/users/sign-in" "Mozilla/5.0 (Macintosh; Intel Mac OS X 10_15_7) AppleWebKit/537.36 (KHTML, like Gecko) Chrome/98.0.4758.102 Safari/537.36"
::1 - - [22/Feb/2022:06:54:56 +0000] "GET /users/sign-in HTTP/1.1" 304 - "http://localhost:8004/" "Mozilla/5.0 (Macintosh; Intel Mac OS X 10_15_7) AppleWebKit/537.36 (KHTML, like Gecko) Chrome/98.0.4758.102 Safari/537.36"
::1 - - [22/Feb/2022:06:54:56 +0000] "GET /css/footer-d36b3adf2d.css HTTP/1.1" 404 164 "http://localhost:8004/users/sign-in" "Mozilla/5.0 (Macintosh; Intel Mac OS X 10_15_7) AppleWebKit/537.36 (KHTML, like Gecko) Chrome/98.0.4758.102 Safari/537.36"
::1 - - [22/Feb/2022:06:54:56 +0000] "GET /css/header-4b19ca85b3.css HTTP/1.1" 404 164 "http://localhost:8004/users/sign-in" "Mozilla/5.0 (Macintosh; Intel Mac OS X 10_15_7) AppleWebKit/537.36 (KHTML, like Gecko) Chrome/98.0.4758.102 Safari/537.36"
::1 - - [22/Feb/2022:06:54:56 +0000] "GET /css/layout-3968798113.css HTTP/1.1" 404 164 "http://localhost:8004/users/sign-in" "Mozilla/5.0 (Macintosh; Intel Mac OS X 10_15_7) AppleWebKit/537.36 (KHTML, like Gecko) Chrome/98.0.4758.102 Safari/537.36"
::1 - - [22/Feb/2022:06:54:56 +0000] "GET /css/forms-cd48ab2e4c.css HTTP/1.1" 404 163 "http://localhost:8004/users/sign-in" "Mozilla/5.0 (Macintosh; Intel Mac OS X 10_15_7) AppleWebKit/537.36 (KHTML, like Gecko) Chrome/98.0.4758.102 Safari/537.36"
::1 - - [22/Feb/2022:06:54:56 +0000] "GET /users/sign-in HTTP/1.1" 304 - "http://localhost:8004/" "Mozilla/5.0 (Macintosh; Intel Mac OS X 10_15_7) AppleWebKit/537.36 (KHTML, like Gecko) Chrome/98.0.4758.102 Safari/537.36"
::1 - - [22/Feb/2022:06:54:56 +0000] "GET /css/layout-3968798113.css HTTP/1.1" 404 164 "http://localhost:8004/users/sign-in" "Mozilla/5.0 (Macintosh; Intel Mac OS X 10_15_7) AppleWebKit/537.36 (KHTML, like Gecko) Chrome/98.0.4758.102 Safari/537.36"
::1 - - [22/Feb/2022:06:54:56 +0000] "GET /css/header-4b19ca85b3.css HTTP/1.1" 404 164 "http://localhost:8004/users/sign-in" "Mozilla/5.0 (Macintosh; Intel Mac OS X 10_15_7) AppleWebKit/537.36 (KHTML, like Gecko) Chrome/98.0.4758.102 Safari/537.36"
::1 - - [22/Feb/2022:06:54:56 +0000] "GET /css/footer-d36b3adf2d.css HTTP/1.1" 404 164 "http://localhost:8004/users/sign-in" "Mozilla/5.0 (Macintosh; Intel Mac OS X 10_15_7) AppleWebKit/537.36 (KHTML, like Gecko) Chrome/98.0.4758.102 Safari/537.36"
::1 - - [22/Feb/2022:06:54:56 +0000] "GET /css/forms-cd48ab2e4c.css HTTP/1.1" 404 163 "http://localhost:8004/users/sign-in" "Mozilla/5.0 (Macintosh; Intel Mac OS X 10_15_7) AppleWebKit/537.36 (KHTML, like Gecko) Chrome/98.0.4758.102 Safari/537.36"
::1 - - [22/Feb/2022:06:54:56 +0000] "GET /users/sign-in HTTP/1.1" 304 - "http://localhost:8004/" "Mozilla/5.0 (Macintosh; Intel Mac OS X 10_15_7) AppleWebKit/537.36 (KHTML, like Gecko) Chrome/98.0.4758.102 Safari/537.36"
::1 - - [22/Feb/2022:06:54:56 +0000] "GET /css/header-4b19ca85b3.css HTTP/1.1" 404 164 "http://localhost:8004/users/sign-in" "Mozilla/5.0 (Macintosh; Intel Mac OS X 10_15_7) AppleWebKit/537.36 (KHTML, like Gecko) Chrome/98.0.4758.102 Safari/537.36"
::1 - - [22/Feb/2022:06:54:56 +0000] "GET /css/layout-3968798113.css HTTP/1.1" 404 164 "http://localhost:8004/users/sign-in" "Mozilla/5.0 (Macintosh; Intel Mac OS X 10_15_7) AppleWebKit/537.36 (KHTML, like Gecko) Chrome/98.0.4758.102 Safari/537.36"
::1 - - [22/Feb/2022:06:54:56 +0000] "GET /css/footer-d36b3adf2d.css HTTP/1.1" 404 164 "http://localhost:8004/users/sign-in" "Mozilla/5.0 (Macintosh; Intel Mac OS X 10_15_7) AppleWebKit/537.36 (KHTML, like Gecko) Chrome/98.0.4758.102 Safari/537.36"
::1 - - [22/Feb/2022:06:54:56 +0000] "GET /css/forms-cd48ab2e4c.css HTTP/1.1" 404 163 "http://localhost:8004/users/sign-in" "Mozilla/5.0 (Macintosh; Intel Mac OS X 10_15_7) AppleWebKit/537.36 (KHTML, like Gecko) Chrome/98.0.4758.102 Safari/537.36"
::1 - - [22/Feb/2022:06:54:58 +0000] "GET / HTTP/1.1" 200 1847 "http://localhost:8004/users/sign-in" "Mozilla/5.0 (Macintosh; Intel Mac OS X 10_15_7) AppleWebKit/537.36 (KHTML, like Gecko) Chrome/98.0.4758.102 Safari/537.36"
::1 - - [22/Feb/2022:06:54:58 +0000] "GET /css/layout-3968798113.css HTTP/1.1" 404 164 "http://localhost:8004/" "Mozilla/5.0 (Macintosh; Intel Mac OS X 10_15_7) AppleWebKit/537.36 (KHTML, like Gecko) Chrome/98.0.4758.102 Safari/537.36"
::1 - - [22/Feb/2022:06:54:58 +0000] "GET /css/header-4b19ca85b3.css HTTP/1.1" 404 164 "http://localhost:8004/" "Mozilla/5.0 (Macintosh; Intel Mac OS X 10_15_7) AppleWebKit/537.36 (KHTML, like Gecko) Chrome/98.0.4758.102 Safari/537.36"
::1 - - [22/Feb/2022:06:54:58 +0000] "GET /css/footer-d36b3adf2d.css HTTP/1.1" 404 164 "http://localhost:8004/" "Mozilla/5.0 (Macintosh; Intel Mac OS X 10_15_7) AppleWebKit/537.36 (KHTML, like Gecko) Chrome/98.0.4758.102 Safari/537.36"
::1 - - [22/Feb/2022:06:55:00 +0000] "GET /users/sign-in HTTP/1.1" 304 - "http://localhost:8004/" "Mozilla/5.0 (Macintosh; Intel Mac OS X 10_15_7) AppleWebKit/537.36 (KHTML, like Gecko) Chrome/98.0.4758.102 Safari/537.36"
::1 - - [22/Feb/2022:06:55:00 +0000] "GET /css/header-4b19ca85b3.css HTTP/1.1" 404 164 "http://localhost:8004/users/sign-in" "Mozilla/5.0 (Macintosh; Intel Mac OS X 10_15_7) AppleWebKit/537.36 (KHTML, like Gecko) Chrome/98.0.4758.102 Safari/537.36"
::1 - - [22/Feb/2022:06:55:00 +0000] "GET /css/footer-d36b3adf2d.css HTTP/1.1" 404 164 "http://localhost:8004/users/sign-in" "Mozilla/5.0 (Macintosh; Intel Mac OS X 10_15_7) AppleWebKit/537.36 (KHTML, like Gecko) Chrome/98.0.4758.102 Safari/537.36"
::1 - - [22/Feb/2022:06:55:00 +0000] "GET /css/layout-3968798113.css HTTP/1.1" 404 164 "http://localhost:8004/users/sign-in" "Mozilla/5.0 (Macintosh; Intel Mac OS X 10_15_7) AppleWebKit/537.36 (KHTML, like Gecko) Chrome/98.0.4758.102 Safari/537.36"
::1 - - [22/Feb/2022:06:55:00 +0000] "GET /css/forms-cd48ab2e4c.css HTTP/1.1" 404 163 "http://localhost:8004/users/sign-in" "Mozilla/5.0 (Macintosh; Intel Mac OS X 10_15_7) AppleWebKit/537.36 (KHTML, like Gecko) Chrome/98.0.4758.102 Safari/537.36"
[0mGET /users/sign-in [32m200[0m 10.587 ms - 2417[0m
[0mGET /users/css/layout.css [33m404[0m 8.151 ms - 159[0m
[0mGET /users/css/header.css [33m404[0m 5.758 ms - 159[0m
[0mGET /users/css/footer.css [33m404[0m 7.020 ms - 159[0m
[0mGET /users/css/layout.css [33m404[0m 6.573 ms - 159[0m
[0mGET /users/css/forms.css [33m404[0m 10.161 ms - 158[0m
[0mGET /users/sign-in [36m304[0m 2.961 ms - -[0m
[0mGET /users/css/layout.css [33m404[0m 3.367 ms - 159[0m
[0mGET /users/css/footer.css [33m404[0m 4.990 ms - 159[0m
[0mGET /users/css/header.css [33m404[0m 4.192 ms - 159[0m
[0mGET /users/css/forms.css [33m404[0m 5.045 ms - 158[0m
[0mGET /users/sign-in [36m304[0m 2.195 ms - -[0m
[0mGET /users/css/layout.css [33m404[0m 2.966 ms - 159[0m
[0mGET /users/css/footer.css [33m404[0m 4.420 ms - 159[0m
[0mGET /users/css/forms.css [33m404[0m 4.509 ms - 158[0m
[0mGET /users/css/header.css [33m404[0m 4.764 ms - 159[0m
[0mGET /users/sign-in [36m304[0m 1.848 ms - -[0m
[0mGET /users/css/layout.css [33m404[0m 3.121 ms - 159[0m
[0mGET /users/css/header.css [33m404[0m 4.321 ms - 159[0m
[0mGET /users/css/forms.css [33m404[0m 3.449 ms - 158[0m
[0mGET /users/css/footer.css [33m404[0m 3.945 ms - 159[0m
[0mGET /users/css/header.css [33m404[0m 3.547 ms - 159[0m
[0mGET /users/css/layout.css [33m404[0m 4.068 ms - 159[0m
[0mGET /users/css/footer.css [33m404[0m 4.363 ms - 159[0m
[0mGET /users/css/forms.css [33m404[0m 5.196 ms - 158[0m
[0mGET /users/sign-in [36m304[0m 2.181 ms - -[0m
[0mGET /users/css/layout.css [33m404[0m 3.193 ms - 159[0m
[0mGET /users/css/header.css [33m404[0m 3.597 ms - 159[0m
[0mGET /users/css/footer.css [33m404[0m 2.842 ms - 159[0m
[0mGET /users/css/forms.css [33m404[0m 3.508 ms - 158[0m
[0mGET /users/sign-in [36m304[0m 1.886 ms - -[0m
[0mGET /users/css/header.css [33m404[0m 5.775 ms - 159[0m
[0mGET /users/css/layout.css [33m404[0m 3.950 ms - 159[0m
[0mGET /users/css/footer.css [33m404[0m 5.425 ms - 159[0m
[0mGET /users/css/forms.css [33m404[0m 5.227 ms - 158[0m
[0mGET /users/sign-in [36m304[0m 2.285 ms - -[0m
[0mGET /users/css/layout.css [33m404[0m 4.338 ms - 159[0m
[0mGET /users/css/header.css [33m404[0m 3.690 ms - 159[0m
[0mGET /users/css/footer.css [33m404[0m 4.618 ms - 159[0m
[0mGET /users/css/forms.css [33m404[0m 3.387 ms - 158[0m
[0mGET /users/sign-in [36m304[0m 2.050 ms - -[0m
[0mGET /users/css/layout.css [33m404[0m 3.247 ms - 159[0m
[0mGET /users/css/header.css [33m404[0m 4.944 ms - 159[0m
[0mGET /users/css/footer.css [33m404[0m 4.060 ms - 159[0m
[0mGET /users/css/forms.css [33m404[0m 3.497 ms - 158[0m
[0mGET /users/sign-in [36m304[0m 13.762 ms - -[0m
[0mGET /users/css/layout.css [33m404[0m 5.309 ms - 159[0m
[0mGET /users/css/header.css [33m404[0m 8.938 ms - 159[0m
[0mGET /users/css/footer.css [33m404[0m 8.881 ms - 159[0m
[0mGET /users/css/forms.css [33m404[0m 8.571 ms - 158[0m
[0mGET /users/sign-in [36m304[0m 13.734 ms - -[0m
[0mGET /users/css/layout.css [33m404[0m 5.067 ms - 159[0m
[0mGET /users/css/header.css [33m404[0m 8.291 ms - 159[0m
[0mGET /users/css/footer.css [33m404[0m 8.221 ms - 159[0m
[0mGET /users/css/forms.css [33m404[0m 9.421 ms - 158[0m
[0mGET /users/sign-in [36m304[0m 3.091 ms - -[0m
[0mGET /users/css/layout.css [33m404[0m 3.517 ms - 159[0m
[0mGET /users/css/header.css [33m404[0m 4.404 ms - 159[0m
[0mGET /users/css/footer.css [33m404[0m 3.903 ms - 159[0m
[0mGET /users/css/forms.css [33m404[0m 3.692 ms - 158[0m
[0mGET /users/sign-in [36m304[0m 13.457 ms - -[0m
[0mGET /users/css/layout.css [33m404[0m 4.429 ms - 159[0m
[0mGET /users/css/header.css [33m404[0m 5.776 ms - 159[0m
[0mGET /users/css/footer.css [33m404[0m 6.394 ms - 159[0m
[0mGET /users/css/forms.css [33m404[0m 8.616 ms - 158[0m
[0mGET /users/sign-in [31m500[0m 10.881 ms - 148[0m
[0mGET /users/sign-in [32m200[0m 13.510 ms - 2417[0m
[0mGET /users/css/layout.css [33m404[0m 5.355 ms - 159[0m
[0mGET /users/css/header.css [33m404[0m 8.536 ms - 159[0m
[0mGET /users/css/footer.css [33m404[0m 7.229 ms - 159[0m
[0mGET /users/css/forms.css [33m404[0m 8.266 ms - 158[0m
[0mGET /css/layout-3968798113.css [33m404[0m 3.858 ms - 164[0m
[0mGET /css/header-4b19ca85b3.css [33m404[0m 5.512 ms - 164[0m
[0mGET /css/footer-d36b3adf2d.css [33m404[0m 3.189 ms - 164[0m
[0mGET / [32m200[0m 4.395 ms - 1811[0m
[0mGET / [36m304[0m 2.412 ms - -[0m
[0mGET /users/sign-in [36m304[0m 2.245 ms - -[0m
[0mGET /users/css/layout.css [33m404[0m 4.608 ms - 159[0m
[0mGET /users/css/header.css [33m404[0m 3.962 ms - 159[0m
[0mGET /users/css/footer.css [33m404[0m 5.709 ms - 159[0m
[0mGET /users/css/forms.css [33m404[0m 2.452 ms - 158[0m
[0mGET /users/sign-up [32m200[0m 3.174 ms - 2516[0m
[0mGET /users/css/footer.css [33m404[0m 5.139 ms - 159[0m
[0mGET /users/css/header.css [33m404[0m 5.145 ms - 159[0m
[0mGET /users/css/layout.css [33m404[0m 4.561 ms - 159[0m
[0mGET /users/css/forms.css [33m404[0m 5.186 ms - 158[0m
[0mGET /users/sign-in [36m304[0m 3.280 ms - -[0m
[0mGET /users/css/footer.css [33m404[0m 4.757 ms - 159[0m
[0mGET /users/css/header.css [33m404[0m 5.117 ms - 159[0m
[0mGET /users/css/layout.css [33m404[0m 4.289 ms - 159[0m
[0mGET /users/css/forms.css [33m404[0m 4.721 ms - 158[0m
[0mGET /users/sign-in [36m304[0m 2.443 ms - -[0m
[0mGET /users/css/layout.css [33m404[0m 5.690 ms - 159[0m
[0mGET /users/css/footer.css [33m404[0m 5.742 ms - 159[0m
[0mGET /users/css/header.css [33m404[0m 5.094 ms - 159[0m
[0mGET /users/css/forms.css [33m404[0m 5.834 ms - 158[0m
[0mGET /users/css/layout.css [33m404[0m 5.754 ms - 159[0m
[0mGET /users/css/footer.css [33m404[0m 5.353 ms - 159[0m
[0mGET /users/css/header.css [33m404[0m 5.080 ms - 159[0m
[0mGET /users/css/forms.css [33m404[0m 5.314 ms - 158[0m
[0mGET /users/css/layout.css [33m404[0m 3.672 ms - 159[0m
[0mGET /users/css/header.css [33m404[0m 2.943 ms - 159[0m
[0mGET /users/css/forms.css [33m404[0m 3.699 ms - 158[0m
[0mGET / [36m304[0m 2.758 ms - -[0m
[0mGET /users/sign-in [36m304[0m 1.983 ms - -[0m
[0mGET /users/css/header.css [33m404[0m 4.100 ms - 159[0m
[0mGET /users/css/layout.css [33m404[0m 3.817 ms - 159[0m
[0mGET /users/css/footer.css [33m404[0m 3.816 ms - 159[0m
[0mGET /users/css/forms.css [33m404[0m 1.445 ms - 158[0m
[0mGET /users/sign-in [32m200[0m 14.092 ms - 2415[0m
[0mGET /users/css/layout.css [33m404[0m 5.561 ms - 159[0m
[0mGET /users/css/header.css [33m404[0m 11.717 ms - 159[0m
[0mGET /users/css/footer.css [33m404[0m 9.620 ms - 159[0m
[0mGET /users/css/forms.css [33m404[0m 10.888 ms - 158[0m
[0mGET /users/sign-in [36m304[0m 2.378 ms - -[0m
[0mGET /users/css/layout.css [33m404[0m 3.806 ms - 159[0m
[0mGET /users/css/header.css [33m404[0m 7.132 ms - 159[0m
[0mGET /users/css/footer.css [33m404[0m 6.617 ms - 159[0m
[0mGET /users/css/forms.css [33m404[0m 7.120 ms - 158[0m
[0mGET /users/sign-in [36m304[0m 2.877 ms - -[0m
[0mGET /users/css/layout.css [33m404[0m 6.178 ms - 159[0m
[0mGET /users/css/footer.css [33m404[0m 6.338 ms - 159[0m
[0mGET /users/css/header.css [33m404[0m 5.172 ms - 159[0m
[0mGET /users/css/forms.css [33m404[0m 6.463 ms - 158[0m
[0mGET /users/sign-in [36m304[0m 13.789 ms - -[0m
[0mGET /users/css/layout.css [33m404[0m 6.383 ms - 159[0m
[0mGET /users/css/header.css [33m404[0m 7.745 ms - 159[0m
[0mGET /users/css/footer.css [33m404[0m 7.916 ms - 159[0m
[0mGET /users/css/forms.css [33m404[0m 10.994 ms - 158[0m
[0mGET / [36m304[0m 3.107 ms - -[0m
[0mGET /users/sign-in [36m304[0m 14.688 ms - -[0m
[0mGET /users/css/layout.css [33m404[0m 4.945 ms - 159[0m
[0mGET /users/css/header.css [33m404[0m 4.004 ms - 159[0m
[0mGET /users/css/footer.css [33m404[0m 5.649 ms - 159[0m
[0mGET /users/css/forms.css [33m404[0m 2.905 ms - 158[0m
[0mGET /users/sign-in [36m304[0m 13.879 ms - -[0m
[0mGET /users/css/layout.css [33m404[0m 6.514 ms - 159[0m
[0mGET /users/css/header.css [33m404[0m 10.313 ms - 159[0m
[0mGET /users/css/footer.css [33m404[0m 10.572 ms - 159[0m
[0mGET /users/css/forms.css [33m404[0m 12.750 ms - 158[0m
[0mGET /users/sign-in [36m304[0m 3.611 ms - -[0m
[0mGET /users/css/layout.css [33m404[0m 3.205 ms - 159[0m
[0mGET /users/css/header.css [33m404[0m 3.825 ms - 159[0m
[0mGET /users/css/footer.css [33m404[0m 4.327 ms - 159[0m
[0mGET /users/css/forms.css [33m404[0m 4.336 ms - 158[0m
[0mGET /users/sign-in [32m200[0m 14.017 ms - 2433[0m
[0mGET /users/css/layout.css [33m404[0m 6.041 ms - 159[0m
[0mGET /users/css/header.css [33m404[0m 9.419 ms - 159[0m
[0mGET /users/css/footer.css [33m404[0m 9.360 ms - 159[0m
[0mGET /users/css/forms.css [33m404[0m 10.553 ms - 158[0m
[0mGET / [36m304[0m 2.725 ms - -[0m
[0mGET /users/sign-in [36m304[0m 2.710 ms - -[0m
[0mGET /users/css/forms.css [33m404[0m 6.941 ms - 158[0m
[0mGET /users/css/layout.css [33m404[0m 11.433 ms - 159[0m
[0mGET /users/css/header.css [33m404[0m 12.826 ms - 159[0m
[0mGET /users/css/footer.css [33m404[0m 10.274 ms - 159[0m
::1 - - [22/Feb/2022:07:45:13 +0000] "GET / HTTP/1.1" 200 1901 "-" "Mozilla/5.0 (Macintosh; Intel Mac OS X 10_15_7) AppleWebKit/537.36 (KHTML, like Gecko) Chrome/98.0.4758.102 Safari/537.36"
::1 - - [22/Feb/2022:07:45:13 +0000] "GET /css/layout-3968798113.css HTTP/1.1" 404 164 "http://localhost:8004/" "Mozilla/5.0 (Macintosh; Intel Mac OS X 10_15_7) AppleWebKit/537.36 (KHTML, like Gecko) Chrome/98.0.4758.102 Safari/537.36"
::1 - - [22/Feb/2022:07:45:13 +0000] "GET /css/header-4b19ca85b3.css HTTP/1.1" 404 164 "http://localhost:8004/" "Mozilla/5.0 (Macintosh; Intel Mac OS X 10_15_7) AppleWebKit/537.36 (KHTML, like Gecko) Chrome/98.0.4758.102 Safari/537.36"
::1 - - [22/Feb/2022:07:45:13 +0000] "GET /css/footer-d36b3adf2d.css HTTP/1.1" 404 164 "http://localhost:8004/" "Mozilla/5.0 (Macintosh; Intel Mac OS X 10_15_7) AppleWebKit/537.36 (KHTML, like Gecko) Chrome/98.0.4758.102 Safari/537.36"
::1 - - [22/Feb/2022:07:45:14 +0000] "GET /css/header-4b19ca85b3.css HTTP/1.1" 404 164 "http://localhost:8004/" "Mozilla/5.0 (Macintosh; Intel Mac OS X 10_15_7) AppleWebKit/537.36 (KHTML, like Gecko) Chrome/98.0.4758.102 Safari/537.36"
::1 - - [22/Feb/2022:07:45:14 +0000] "GET /css/layout-3968798113.css HTTP/1.1" 404 164 "http://localhost:8004/" "Mozilla/5.0 (Macintosh; Intel Mac OS X 10_15_7) AppleWebKit/537.36 (KHTML, like Gecko) Chrome/98.0.4758.102 Safari/537.36"
::1 - - [22/Feb/2022:07:45:14 +0000] "GET /css/footer-d36b3adf2d.css HTTP/1.1" 404 164 "http://localhost:8004/" "Mozilla/5.0 (Macintosh; Intel Mac OS X 10_15_7) AppleWebKit/537.36 (KHTML, like Gecko) Chrome/98.0.4758.102 Safari/537.36"
::1 - - [22/Feb/2022:07:45:14 +0000] "GET /css/layout-3968798113.css HTTP/1.1" 404 164 "http://localhost:8004/" "Mozilla/5.0 (Macintosh; Intel Mac OS X 10_15_7) AppleWebKit/537.36 (KHTML, like Gecko) Chrome/98.0.4758.102 Safari/537.36"
::1 - - [22/Feb/2022:07:45:14 +0000] "GET /css/header-4b19ca85b3.css HTTP/1.1" 404 164 "http://localhost:8004/" "Mozilla/5.0 (Macintosh; Intel Mac OS X 10_15_7) AppleWebKit/537.36 (KHTML, like Gecko) Chrome/98.0.4758.102 Safari/537.36"
::1 - - [22/Feb/2022:07:45:14 +0000] "GET /css/footer-d36b3adf2d.css HTTP/1.1" 404 164 "http://localhost:8004/" "Mozilla/5.0 (Macintosh; Intel Mac OS X 10_15_7) AppleWebKit/537.36 (KHTML, like Gecko) Chrome/98.0.4758.102 Safari/537.36"
::1 - - [22/Feb/2022:07:45:16 +0000] "GET / HTTP/1.1" 304 - "-" "Mozilla/5.0 (Macintosh; Intel Mac OS X 10_15_7) AppleWebKit/537.36 (KHTML, like Gecko) Chrome/98.0.4758.102 Safari/537.36"
::1 - - [22/Feb/2022:07:45:16 +0000] "GET /css/layout-3968798113.css HTTP/1.1" 404 164 "http://localhost:8004/" "Mozilla/5.0 (Macintosh; Intel Mac OS X 10_15_7) AppleWebKit/537.36 (KHTML, like Gecko) Chrome/98.0.4758.102 Safari/537.36"
::1 - - [22/Feb/2022:07:45:16 +0000] "GET /css/header-4b19ca85b3.css HTTP/1.1" 404 164 "http://localhost:8004/" "Mozilla/5.0 (Macintosh; Intel Mac OS X 10_15_7) AppleWebKit/537.36 (KHTML, like Gecko) Chrome/98.0.4758.102 Safari/537.36"
::1 - - [22/Feb/2022:07:45:16 +0000] "GET /css/footer-d36b3adf2d.css HTTP/1.1" 404 164 "http://localhost:8004/" "Mozilla/5.0 (Macintosh; Intel Mac OS X 10_15_7) AppleWebKit/537.36 (KHTML, like Gecko) Chrome/98.0.4758.102 Safari/537.36"
::1 - - [22/Feb/2022:07:45:19 +0000] "GET / HTTP/1.1" 304 - "-" "Mozilla/5.0 (Macintosh; Intel Mac OS X 10_15_7) AppleWebKit/537.36 (KHTML, like Gecko) Chrome/98.0.4758.102 Safari/537.36"
::1 - - [22/Feb/2022:07:45:19 +0000] "GET /css/layout-3968798113.css HTTP/1.1" 404 164 "http://localhost:8004/" "Mozilla/5.0 (Macintosh; Intel Mac OS X 10_15_7) AppleWebKit/537.36 (KHTML, like Gecko) Chrome/98.0.4758.102 Safari/537.36"
::1 - - [22/Feb/2022:07:45:19 +0000] "GET /css/header-4b19ca85b3.css HTTP/1.1" 404 164 "http://localhost:8004/" "Mozilla/5.0 (Macintosh; Intel Mac OS X 10_15_7) AppleWebKit/537.36 (KHTML, like Gecko) Chrome/98.0.4758.102 Safari/537.36"
::1 - - [22/Feb/2022:07:45:19 +0000] "GET /css/footer-d36b3adf2d.css HTTP/1.1" 404 164 "http://localhost:8004/" "Mozilla/5.0 (Macintosh; Intel Mac OS X 10_15_7) AppleWebKit/537.36 (KHTML, like Gecko) Chrome/98.0.4758.102 Safari/537.36"
::1 - - [22/Feb/2022:07:45:21 +0000] "GET / HTTP/1.1" 304 - "http://localhost:8004/" "Mozilla/5.0 (Macintosh; Intel Mac OS X 10_15_7) AppleWebKit/537.36 (KHTML, like Gecko) Chrome/98.0.4758.102 Safari/537.36"
::1 - - [22/Feb/2022:07:45:21 +0000] "GET /css/header-4b19ca85b3.css HTTP/1.1" 404 164 "http://localhost:8004/" "Mozilla/5.0 (Macintosh; Intel Mac OS X 10_15_7) AppleWebKit/537.36 (KHTML, like Gecko) Chrome/98.0.4758.102 Safari/537.36"
::1 - - [22/Feb/2022:07:45:21 +0000] "GET /css/layout-3968798113.css HTTP/1.1" 404 164 "http://localhost:8004/" "Mozilla/5.0 (Macintosh; Intel Mac OS X 10_15_7) AppleWebKit/537.36 (KHTML, like Gecko) Chrome/98.0.4758.102 Safari/537.36"
::1 - - [22/Feb/2022:07:45:21 +0000] "GET /css/footer-d36b3adf2d.css HTTP/1.1" 404 164 "http://localhost:8004/" "Mozilla/5.0 (Macintosh; Intel Mac OS X 10_15_7) AppleWebKit/537.36 (KHTML, like Gecko) Chrome/98.0.4758.102 Safari/537.36"
::1 - - [22/Feb/2022:07:45:23 +0000] "GET / HTTP/1.1" 304 - "http://localhost:8004/" "Mozilla/5.0 (Macintosh; Intel Mac OS X 10_15_7) AppleWebKit/537.36 (KHTML, like Gecko) Chrome/98.0.4758.102 Safari/537.36"
::1 - - [22/Feb/2022:07:45:23 +0000] "GET /css/layout-3968798113.css HTTP/1.1" 404 164 "http://localhost:8004/" "Mozilla/5.0 (Macintosh; Intel Mac OS X 10_15_7) AppleWebKit/537.36 (KHTML, like Gecko) Chrome/98.0.4758.102 Safari/537.36"
::1 - - [22/Feb/2022:07:45:23 +0000] "GET /css/header-4b19ca85b3.css HTTP/1.1" 404 164 "http://localhost:8004/" "Mozilla/5.0 (Macintosh; Intel Mac OS X 10_15_7) AppleWebKit/537.36 (KHTML, like Gecko) Chrome/98.0.4758.102 Safari/537.36"
::1 - - [22/Feb/2022:07:45:23 +0000] "GET /css/footer-d36b3adf2d.css HTTP/1.1" 404 164 "http://localhost:8004/" "Mozilla/5.0 (Macintosh; Intel Mac OS X 10_15_7) AppleWebKit/537.36 (KHTML, like Gecko) Chrome/98.0.4758.102 Safari/537.36"
::1 - - [22/Feb/2022:07:45:23 +0000] "GET / HTTP/1.1" 304 - "http://localhost:8004/" "Mozilla/5.0 (Macintosh; Intel Mac OS X 10_15_7) AppleWebKit/537.36 (KHTML, like Gecko) Chrome/98.0.4758.102 Safari/537.36"
::1 - - [22/Feb/2022:07:45:23 +0000] "GET /css/layout-3968798113.css HTTP/1.1" 404 164 "http://localhost:8004/" "Mozilla/5.0 (Macintosh; Intel Mac OS X 10_15_7) AppleWebKit/537.36 (KHTML, like Gecko) Chrome/98.0.4758.102 Safari/537.36"
::1 - - [22/Feb/2022:07:45:23 +0000] "GET /css/header-4b19ca85b3.css HTTP/1.1" 404 164 "http://localhost:8004/" "Mozilla/5.0 (Macintosh; Intel Mac OS X 10_15_7) AppleWebKit/537.36 (KHTML, like Gecko) Chrome/98.0.4758.102 Safari/537.36"
::1 - - [22/Feb/2022:07:45:23 +0000] "GET /css/footer-d36b3adf2d.css HTTP/1.1" 404 164 "http://localhost:8004/" "Mozilla/5.0 (Macintosh; Intel Mac OS X 10_15_7) AppleWebKit/537.36 (KHTML, like Gecko) Chrome/98.0.4758.102 Safari/537.36"
::1 - - [22/Feb/2022:07:45:24 +0000] "GET / HTTP/1.1" 304 - "http://localhost:8004/" "Mozilla/5.0 (Macintosh; Intel Mac OS X 10_15_7) AppleWebKit/537.36 (KHTML, like Gecko) Chrome/98.0.4758.102 Safari/537.36"
::1 - - [22/Feb/2022:07:45:24 +0000] "GET /css/layout-3968798113.css HTTP/1.1" 404 164 "http://localhost:8004/" "Mozilla/5.0 (Macintosh; Intel Mac OS X 10_15_7) AppleWebKit/537.36 (KHTML, like Gecko) Chrome/98.0.4758.102 Safari/537.36"
::1 - - [22/Feb/2022:07:45:24 +0000] "GET /css/header-4b19ca85b3.css HTTP/1.1" 404 164 "http://localhost:8004/" "Mozilla/5.0 (Macintosh; Intel Mac OS X 10_15_7) AppleWebKit/537.36 (KHTML, like Gecko) Chrome/98.0.4758.102 Safari/537.36"
::1 - - [22/Feb/2022:07:45:24 +0000] "GET /css/footer-d36b3adf2d.css HTTP/1.1" 404 164 "http://localhost:8004/" "Mozilla/5.0 (Macintosh; Intel Mac OS X 10_15_7) AppleWebKit/537.36 (KHTML, like Gecko) Chrome/98.0.4758.102 Safari/537.36"
::1 - - [22/Feb/2022:07:45:24 +0000] "GET / HTTP/1.1" 304 - "http://localhost:8004/" "Mozilla/5.0 (Macintosh; Intel Mac OS X 10_15_7) AppleWebKit/537.36 (KHTML, like Gecko) Chrome/98.0.4758.102 Safari/537.36"
::1 - - [22/Feb/2022:07:45:24 +0000] "GET /css/layout-3968798113.css HTTP/1.1" 404 164 "http://localhost:8004/" "Mozilla/5.0 (Macintosh; Intel Mac OS X 10_15_7) AppleWebKit/537.36 (KHTML, like Gecko) Chrome/98.0.4758.102 Safari/537.36"
::1 - - [22/Feb/2022:07:45:24 +0000] "GET /css/header-4b19ca85b3.css HTTP/1.1" 404 164 "http://localhost:8004/" "Mozilla/5.0 (Macintosh; Intel Mac OS X 10_15_7) AppleWebKit/537.36 (KHTML, like Gecko) Chrome/98.0.4758.102 Safari/537.36"
::1 - - [22/Feb/2022:07:45:24 +0000] "GET /css/footer-d36b3adf2d.css HTTP/1.1" 404 164 "http://localhost:8004/" "Mozilla/5.0 (Macintosh; Intel Mac OS X 10_15_7) AppleWebKit/537.36 (KHTML, like Gecko) Chrome/98.0.4758.102 Safari/537.36"
::1 - - [22/Feb/2022:07:45:24 +0000] "GET / HTTP/1.1" 304 - "http://localhost:8004/" "Mozilla/5.0 (Macintosh; Intel Mac OS X 10_15_7) AppleWebKit/537.36 (KHTML, like Gecko) Chrome/98.0.4758.102 Safari/537.36"
::1 - - [22/Feb/2022:07:45:24 +0000] "GET /css/layout-3968798113.css HTTP/1.1" 404 164 "http://localhost:8004/" "Mozilla/5.0 (Macintosh; Intel Mac OS X 10_15_7) AppleWebKit/537.36 (KHTML, like Gecko) Chrome/98.0.4758.102 Safari/537.36"
::1 - - [22/Feb/2022:07:45:24 +0000] "GET /css/header-4b19ca85b3.css HTTP/1.1" 404 164 "http://localhost:8004/" "Mozilla/5.0 (Macintosh; Intel Mac OS X 10_15_7) AppleWebKit/537.36 (KHTML, like Gecko) Chrome/98.0.4758.102 Safari/537.36"
::1 - - [22/Feb/2022:07:45:24 +0000] "GET /css/footer-d36b3adf2d.css HTTP/1.1" 404 164 "http://localhost:8004/" "Mozilla/5.0 (Macintosh; Intel Mac OS X 10_15_7) AppleWebKit/537.36 (KHTML, like Gecko) Chrome/98.0.4758.102 Safari/537.36"
::1 - - [22/Feb/2022:07:45:24 +0000] "GET / HTTP/1.1" 304 - "http://localhost:8004/" "Mozilla/5.0 (Macintosh; Intel Mac OS X 10_15_7) AppleWebKit/537.36 (KHTML, like Gecko) Chrome/98.0.4758.102 Safari/537.36"
::1 - - [22/Feb/2022:07:45:24 +0000] "GET /css/layout-3968798113.css HTTP/1.1" 404 164 "http://localhost:8004/" "Mozilla/5.0 (Macintosh; Intel Mac OS X 10_15_7) AppleWebKit/537.36 (KHTML, like Gecko) Chrome/98.0.4758.102 Safari/537.36"
::1 - - [22/Feb/2022:07:45:24 +0000] "GET /css/header-4b19ca85b3.css HTTP/1.1" 404 164 "http://localhost:8004/" "Mozilla/5.0 (Macintosh; Intel Mac OS X 10_15_7) AppleWebKit/537.36 (KHTML, like Gecko) Chrome/98.0.4758.102 Safari/537.36"
::1 - - [22/Feb/2022:07:45:24 +0000] "GET /css/footer-d36b3adf2d.css HTTP/1.1" 404 164 "http://localhost:8004/" "Mozilla/5.0 (Macintosh; Intel Mac OS X 10_15_7) AppleWebKit/537.36 (KHTML, like Gecko) Chrome/98.0.4758.102 Safari/537.36"
::1 - - [22/Feb/2022:07:45:26 +0000] "GET / HTTP/1.1" 304 - "http://localhost:8004/" "Mozilla/5.0 (Macintosh; Intel Mac OS X 10_15_7) AppleWebKit/537.36 (KHTML, like Gecko) Chrome/98.0.4758.102 Safari/537.36"
::1 - - [22/Feb/2022:07:45:26 +0000] "GET /css/layout-3968798113.css HTTP/1.1" 404 164 "http://localhost:8004/" "Mozilla/5.0 (Macintosh; Intel Mac OS X 10_15_7) AppleWebKit/537.36 (KHTML, like Gecko) Chrome/98.0.4758.102 Safari/537.36"
::1 - - [22/Feb/2022:07:45:26 +0000] "GET /css/header-4b19ca85b3.css HTTP/1.1" 404 164 "http://localhost:8004/" "Mozilla/5.0 (Macintosh; Intel Mac OS X 10_15_7) AppleWebKit/537.36 (KHTML, like Gecko) Chrome/98.0.4758.102 Safari/537.36"
::1 - - [22/Feb/2022:07:45:26 +0000] "GET /css/footer-d36b3adf2d.css HTTP/1.1" 404 164 "http://localhost:8004/" "Mozilla/5.0 (Macintosh; Intel Mac OS X 10_15_7) AppleWebKit/537.36 (KHTML, like Gecko) Chrome/98.0.4758.102 Safari/537.36"
::1 - - [22/Feb/2022:07:45:57 +0000] "GET / HTTP/1.1" 304 - "http://localhost:8004/" "Mozilla/5.0 (Macintosh; Intel Mac OS X 10_15_7) AppleWebKit/537.36 (KHTML, like Gecko) Chrome/98.0.4758.102 Safari/537.36"
::1 - - [22/Feb/2022:07:45:57 +0000] "GET /css/layout-3968798113.css HTTP/1.1" 404 164 "http://localhost:8004/" "Mozilla/5.0 (Macintosh; Intel Mac OS X 10_15_7) AppleWebKit/537.36 (KHTML, like Gecko) Chrome/98.0.4758.102 Safari/537.36"
::1 - - [22/Feb/2022:07:45:57 +0000] "GET /css/header-4b19ca85b3.css HTTP/1.1" 404 164 "http://localhost:8004/" "Mozilla/5.0 (Macintosh; Intel Mac OS X 10_15_7) AppleWebKit/537.36 (KHTML, like Gecko) Chrome/98.0.4758.102 Safari/537.36"
::1 - - [22/Feb/2022:07:45:57 +0000] "GET /css/footer-d36b3adf2d.css HTTP/1.1" 404 164 "http://localhost:8004/" "Mozilla/5.0 (Macintosh; Intel Mac OS X 10_15_7) AppleWebKit/537.36 (KHTML, like Gecko) Chrome/98.0.4758.102 Safari/537.36"
::1 - - [22/Feb/2022:07:45:58 +0000] "GET / HTTP/1.1" 304 - "http://localhost:8004/" "Mozilla/5.0 (Macintosh; Intel Mac OS X 10_15_7) AppleWebKit/537.36 (KHTML, like Gecko) Chrome/98.0.4758.102 Safari/537.36"
::1 - - [22/Feb/2022:07:45:58 +0000] "GET /css/header-4b19ca85b3.css HTTP/1.1" 404 164 "http://localhost:8004/" "Mozilla/5.0 (Macintosh; Intel Mac OS X 10_15_7) AppleWebKit/537.36 (KHTML, like Gecko) Chrome/98.0.4758.102 Safari/537.36"
::1 - - [22/Feb/2022:07:45:58 +0000] "GET /css/layout-3968798113.css HTTP/1.1" 404 164 "http://localhost:8004/" "Mozilla/5.0 (Macintosh; Intel Mac OS X 10_15_7) AppleWebKit/537.36 (KHTML, like Gecko) Chrome/98.0.4758.102 Safari/537.36"
::1 - - [22/Feb/2022:07:45:58 +0000] "GET /css/footer-d36b3adf2d.css HTTP/1.1" 404 164 "http://localhost:8004/" "Mozilla/5.0 (Macintosh; Intel Mac OS X 10_15_7) AppleWebKit/537.36 (KHTML, like Gecko) Chrome/98.0.4758.102 Safari/537.36"
::1 - - [22/Feb/2022:07:46:02 +0000] "GET / HTTP/1.1" 304 - "http://localhost:8004/" "Mozilla/5.0 (Macintosh; Intel Mac OS X 10_15_7) AppleWebKit/537.36 (KHTML, like Gecko) Chrome/98.0.4758.102 Safari/537.36"
::1 - - [22/Feb/2022:07:46:02 +0000] "GET /css/header-4b19ca85b3.css HTTP/1.1" 404 164 "http://localhost:8004/" "Mozilla/5.0 (Macintosh; Intel Mac OS X 10_15_7) AppleWebKit/537.36 (KHTML, like Gecko) Chrome/98.0.4758.102 Safari/537.36"
::1 - - [22/Feb/2022:07:46:02 +0000] "GET /css/layout-3968798113.css HTTP/1.1" 404 164 "http://localhost:8004/" "Mozilla/5.0 (Macintosh; Intel Mac OS X 10_15_7) AppleWebKit/537.36 (KHTML, like Gecko) Chrome/98.0.4758.102 Safari/537.36"
::1 - - [22/Feb/2022:07:46:02 +0000] "GET /css/footer-d36b3adf2d.css HTTP/1.1" 404 164 "http://localhost:8004/" "Mozilla/5.0 (Macintosh; Intel Mac OS X 10_15_7) AppleWebKit/537.36 (KHTML, like Gecko) Chrome/98.0.4758.102 Safari/537.36"
::1 - - [22/Feb/2022:07:46:02 +0000] "GET / HTTP/1.1" 304 - "http://localhost:8004/" "Mozilla/5.0 (Macintosh; Intel Mac OS X 10_15_7) AppleWebKit/537.36 (KHTML, like Gecko) Chrome/98.0.4758.102 Safari/537.36"
::1 - - [22/Feb/2022:07:46:02 +0000] "GET /css/layout-3968798113.css HTTP/1.1" 404 164 "http://localhost:8004/" "Mozilla/5.0 (Macintosh; Intel Mac OS X 10_15_7) AppleWebKit/537.36 (KHTML, like Gecko) Chrome/98.0.4758.102 Safari/537.36"
::1 - - [22/Feb/2022:07:46:02 +0000] "GET /css/header-4b19ca85b3.css HTTP/1.1" 404 164 "http://localhost:8004/" "Mozilla/5.0 (Macintosh; Intel Mac OS X 10_15_7) AppleWebKit/537.36 (KHTML, like Gecko) Chrome/98.0.4758.102 Safari/537.36"
::1 - - [22/Feb/2022:07:46:02 +0000] "GET /css/footer-d36b3adf2d.css HTTP/1.1" 404 164 "http://localhost:8004/" "Mozilla/5.0 (Macintosh; Intel Mac OS X 10_15_7) AppleWebKit/537.36 (KHTML, like Gecko) Chrome/98.0.4758.102 Safari/537.36"
::1 - - [22/Feb/2022:07:46:02 +0000] "GET / HTTP/1.1" 304 - "http://localhost:8004/" "Mozilla/5.0 (Macintosh; Intel Mac OS X 10_15_7) AppleWebKit/537.36 (KHTML, like Gecko) Chrome/98.0.4758.102 Safari/537.36"
::1 - - [22/Feb/2022:07:46:02 +0000] "GET /css/layout-3968798113.css HTTP/1.1" 404 164 "http://localhost:8004/" "Mozilla/5.0 (Macintosh; Intel Mac OS X 10_15_7) AppleWebKit/537.36 (KHTML, like Gecko) Chrome/98.0.4758.102 Safari/537.36"
::1 - - [22/Feb/2022:07:46:02 +0000] "GET /css/header-4b19ca85b3.css HTTP/1.1" 404 164 "http://localhost:8004/" "Mozilla/5.0 (Macintosh; Intel Mac OS X 10_15_7) AppleWebKit/537.36 (KHTML, like Gecko) Chrome/98.0.4758.102 Safari/537.36"
::1 - - [22/Feb/2022:07:46:02 +0000] "GET /css/footer-d36b3adf2d.css HTTP/1.1" 404 164 "http://localhost:8004/" "Mozilla/5.0 (Macintosh; Intel Mac OS X 10_15_7) AppleWebKit/537.36 (KHTML, like Gecko) Chrome/98.0.4758.102 Safari/537.36"
::1 - - [22/Feb/2022:07:46:02 +0000] "GET / HTTP/1.1" 304 - "http://localhost:8004/" "Mozilla/5.0 (Macintosh; Intel Mac OS X 10_15_7) AppleWebKit/537.36 (KHTML, like Gecko) Chrome/98.0.4758.102 Safari/537.36"
::1 - - [22/Feb/2022:07:46:02 +0000] "GET /css/layout-3968798113.css HTTP/1.1" 404 164 "http://localhost:8004/" "Mozilla/5.0 (Macintosh; Intel Mac OS X 10_15_7) AppleWebKit/537.36 (KHTML, like Gecko) Chrome/98.0.4758.102 Safari/537.36"
::1 - - [22/Feb/2022:07:46:02 +0000] "GET /css/header-4b19ca85b3.css HTTP/1.1" 404 164 "http://localhost:8004/" "Mozilla/5.0 (Macintosh; Intel Mac OS X 10_15_7) AppleWebKit/537.36 (KHTML, like Gecko) Chrome/98.0.4758.102 Safari/537.36"
::1 - - [22/Feb/2022:07:46:02 +0000] "GET /css/footer-d36b3adf2d.css HTTP/1.1" 404 164 "http://localhost:8004/" "Mozilla/5.0 (Macintosh; Intel Mac OS X 10_15_7) AppleWebKit/537.36 (KHTML, like Gecko) Chrome/98.0.4758.102 Safari/537.36"
::1 - - [22/Feb/2022:07:46:02 +0000] "GET / HTTP/1.1" 304 - "http://localhost:8004/" "Mozilla/5.0 (Macintosh; Intel Mac OS X 10_15_7) AppleWebKit/537.36 (KHTML, like Gecko) Chrome/98.0.4758.102 Safari/537.36"
::1 - - [22/Feb/2022:07:46:02 +0000] "GET /css/layout-3968798113.css HTTP/1.1" 404 164 "http://localhost:8004/" "Mozilla/5.0 (Macintosh; Intel Mac OS X 10_15_7) AppleWebKit/537.36 (KHTML, like Gecko) Chrome/98.0.4758.102 Safari/537.36"
::1 - - [22/Feb/2022:07:46:02 +0000] "GET /css/footer-d36b3adf2d.css HTTP/1.1" 404 164 "http://localhost:8004/" "Mozilla/5.0 (Macintosh; Intel Mac OS X 10_15_7) AppleWebKit/537.36 (KHTML, like Gecko) Chrome/98.0.4758.102 Safari/537.36"
::1 - - [22/Feb/2022:07:46:02 +0000] "GET /css/header-4b19ca85b3.css HTTP/1.1" 404 164 "http://localhost:8004/" "Mozilla/5.0 (Macintosh; Intel Mac OS X 10_15_7) AppleWebKit/537.36 (KHTML, like Gecko) Chrome/98.0.4758.102 Safari/537.36"
::1 - - [22/Feb/2022:07:46:02 +0000] "GET / HTTP/1.1" 304 - "http://localhost:8004/" "Mozilla/5.0 (Macintosh; Intel Mac OS X 10_15_7) AppleWebKit/537.36 (KHTML, like Gecko) Chrome/98.0.4758.102 Safari/537.36"
::1 - - [22/Feb/2022:07:46:02 +0000] "GET /css/layout-3968798113.css HTTP/1.1" 404 164 "http://localhost:8004/" "Mozilla/5.0 (Macintosh; Intel Mac OS X 10_15_7) AppleWebKit/537.36 (KHTML, like Gecko) Chrome/98.0.4758.102 Safari/537.36"
::1 - - [22/Feb/2022:07:46:02 +0000] "GET /css/header-4b19ca85b3.css HTTP/1.1" 404 164 "http://localhost:8004/" "Mozilla/5.0 (Macintosh; Intel Mac OS X 10_15_7) AppleWebKit/537.36 (KHTML, like Gecko) Chrome/98.0.4758.102 Safari/537.36"
::1 - - [22/Feb/2022:07:46:02 +0000] "GET /css/footer-d36b3adf2d.css HTTP/1.1" 404 164 "http://localhost:8004/" "Mozilla/5.0 (Macintosh; Intel Mac OS X 10_15_7) AppleWebKit/537.36 (KHTML, like Gecko) Chrome/98.0.4758.102 Safari/537.36"
::1 - - [22/Feb/2022:07:46:12 +0000] "GET /css/header-4b19ca85b3.css HTTP/1.1" 404 164 "http://localhost:8004/" "Mozilla/5.0 (Macintosh; Intel Mac OS X 10_15_7) AppleWebKit/537.36 (KHTML, like Gecko) Chrome/98.0.4758.102 Safari/537.36"
::1 - - [22/Feb/2022:07:46:12 +0000] "GET /css/layout-3968798113.css HTTP/1.1" 404 164 "http://localhost:8004/" "Mozilla/5.0 (Macintosh; Intel Mac OS X 10_15_7) AppleWebKit/537.36 (KHTML, like Gecko) Chrome/98.0.4758.102 Safari/537.36"
::1 - - [22/Feb/2022:07:46:12 +0000] "GET /css/footer-d36b3adf2d.css HTTP/1.1" 404 164 "http://localhost:8004/" "Mozilla/5.0 (Macintosh; Intel Mac OS X 10_15_7) AppleWebKit/537.36 (KHTML, like Gecko) Chrome/98.0.4758.102 Safari/537.36"
::1 - - [22/Feb/2022:07:48:33 +0000] "GET / HTTP/1.1" 304 - "http://localhost:8004/" "Mozilla/5.0 (Macintosh; Intel Mac OS X 10_15_7) AppleWebKit/537.36 (KHTML, like Gecko) Chrome/98.0.4758.102 Safari/537.36"
::1 - - [22/Feb/2022:07:48:33 +0000] "GET /css/layout-3968798113.css HTTP/1.1" 404 164 "http://localhost:8004/" "Mozilla/5.0 (Macintosh; Intel Mac OS X 10_15_7) AppleWebKit/537.36 (KHTML, like Gecko) Chrome/98.0.4758.102 Safari/537.36"
::1 - - [22/Feb/2022:07:48:33 +0000] "GET /css/header-4b19ca85b3.css HTTP/1.1" 404 164 "http://localhost:8004/" "Mozilla/5.0 (Macintosh; Intel Mac OS X 10_15_7) AppleWebKit/537.36 (KHTML, like Gecko) Chrome/98.0.4758.102 Safari/537.36"
::1 - - [22/Feb/2022:07:48:33 +0000] "GET /css/footer-d36b3adf2d.css HTTP/1.1" 404 164 "http://localhost:8004/" "Mozilla/5.0 (Macintosh; Intel Mac OS X 10_15_7) AppleWebKit/537.36 (KHTML, like Gecko) Chrome/98.0.4758.102 Safari/537.36"
::1 - - [22/Feb/2022:07:48:38 +0000] "GET /users/sign-in HTTP/1.1" 200 2535 "http://localhost:8004/" "Mozilla/5.0 (Macintosh; Intel Mac OS X 10_15_7) AppleWebKit/537.36 (KHTML, like Gecko) Chrome/98.0.4758.102 Safari/537.36"
::1 - - [22/Feb/2022:07:48:38 +0000] "GET /css/layout-3968798113.css HTTP/1.1" 404 164 "http://localhost:8004/users/sign-in" "Mozilla/5.0 (Macintosh; Intel Mac OS X 10_15_7) AppleWebKit/537.36 (KHTML, like Gecko) Chrome/98.0.4758.102 Safari/537.36"
::1 - - [22/Feb/2022:07:48:38 +0000] "GET /css/header-4b19ca85b3.css HTTP/1.1" 404 164 "http://localhost:8004/users/sign-in" "Mozilla/5.0 (Macintosh; Intel Mac OS X 10_15_7) AppleWebKit/537.36 (KHTML, like Gecko) Chrome/98.0.4758.102 Safari/537.36"
::1 - - [22/Feb/2022:07:48:38 +0000] "GET /css/footer-d36b3adf2d.css HTTP/1.1" 404 164 "http://localhost:8004/users/sign-in" "Mozilla/5.0 (Macintosh; Intel Mac OS X 10_15_7) AppleWebKit/537.36 (KHTML, like Gecko) Chrome/98.0.4758.102 Safari/537.36"
::1 - - [22/Feb/2022:07:48:38 +0000] "GET /css/forms-cd48ab2e4c.css HTTP/1.1" 404 163 "http://localhost:8004/users/sign-in" "Mozilla/5.0 (Macintosh; Intel Mac OS X 10_15_7) AppleWebKit/537.36 (KHTML, like Gecko) Chrome/98.0.4758.102 Safari/537.36"
::1 - - [22/Feb/2022:07:49:09 +0000] "GET /users/sign-in HTTP/1.1" 200 2484 "http://localhost:8004/" "Mozilla/5.0 (Macintosh; Intel Mac OS X 10_15_7) AppleWebKit/537.36 (KHTML, like Gecko) Chrome/98.0.4758.102 Safari/537.36"
::1 - - [22/Feb/2022:07:49:09 +0000] "GET /css/layout-3968798113.css HTTP/1.1" 404 164 "http://localhost:8004/users/sign-in" "Mozilla/5.0 (Macintosh; Intel Mac OS X 10_15_7) AppleWebKit/537.36 (KHTML, like Gecko) Chrome/98.0.4758.102 Safari/537.36"
::1 - - [22/Feb/2022:07:49:09 +0000] "GET /css/header-4b19ca85b3.css HTTP/1.1" 404 164 "http://localhost:8004/users/sign-in" "Mozilla/5.0 (Macintosh; Intel Mac OS X 10_15_7) AppleWebKit/537.36 (KHTML, like Gecko) Chrome/98.0.4758.102 Safari/537.36"
::1 - - [22/Feb/2022:07:49:09 +0000] "GET /css/footer-d36b3adf2d.css HTTP/1.1" 404 164 "http://localhost:8004/users/sign-in" "Mozilla/5.0 (Macintosh; Intel Mac OS X 10_15_7) AppleWebKit/537.36 (KHTML, like Gecko) Chrome/98.0.4758.102 Safari/537.36"
::1 - - [22/Feb/2022:07:49:09 +0000] "GET /css/forms-cd48ab2e4c.css HTTP/1.1" 404 163 "http://localhost:8004/users/sign-in" "Mozilla/5.0 (Macintosh; Intel Mac OS X 10_15_7) AppleWebKit/537.36 (KHTML, like Gecko) Chrome/98.0.4758.102 Safari/537.36"
::1 - - [22/Feb/2022:07:49:09 +0000] "GET /users/sign-in HTTP/1.1" 304 - "http://localhost:8004/" "Mozilla/5.0 (Macintosh; Intel Mac OS X 10_15_7) AppleWebKit/537.36 (KHTML, like Gecko) Chrome/98.0.4758.102 Safari/537.36"
::1 - - [22/Feb/2022:07:49:09 +0000] "GET /css/layout-3968798113.css HTTP/1.1" 404 164 "http://localhost:8004/users/sign-in" "Mozilla/5.0 (Macintosh; Intel Mac OS X 10_15_7) AppleWebKit/537.36 (KHTML, like Gecko) Chrome/98.0.4758.102 Safari/537.36"
::1 - - [22/Feb/2022:07:49:09 +0000] "GET /css/header-4b19ca85b3.css HTTP/1.1" 404 164 "http://localhost:8004/users/sign-in" "Mozilla/5.0 (Macintosh; Intel Mac OS X 10_15_7) AppleWebKit/537.36 (KHTML, like Gecko) Chrome/98.0.4758.102 Safari/537.36"
::1 - - [22/Feb/2022:07:49:09 +0000] "GET /css/footer-d36b3adf2d.css HTTP/1.1" 404 164 "http://localhost:8004/users/sign-in" "Mozilla/5.0 (Macintosh; Intel Mac OS X 10_15_7) AppleWebKit/537.36 (KHTML, like Gecko) Chrome/98.0.4758.102 Safari/537.36"
::1 - - [22/Feb/2022:07:49:09 +0000] "GET /css/forms-cd48ab2e4c.css HTTP/1.1" 404 163 "http://localhost:8004/users/sign-in" "Mozilla/5.0 (Macintosh; Intel Mac OS X 10_15_7) AppleWebKit/537.36 (KHTML, like Gecko) Chrome/98.0.4758.102 Safari/537.36"
::1 - - [22/Feb/2022:07:49:10 +0000] "GET /users/sign-in HTTP/1.1" 304 - "http://localhost:8004/" "Mozilla/5.0 (Macintosh; Intel Mac OS X 10_15_7) AppleWebKit/537.36 (KHTML, like Gecko) Chrome/98.0.4758.102 Safari/537.36"
::1 - - [22/Feb/2022:07:49:10 +0000] "GET /css/header-4b19ca85b3.css HTTP/1.1" 404 164 "http://localhost:8004/users/sign-in" "Mozilla/5.0 (Macintosh; Intel Mac OS X 10_15_7) AppleWebKit/537.36 (KHTML, like Gecko) Chrome/98.0.4758.102 Safari/537.36"
::1 - - [22/Feb/2022:07:49:10 +0000] "GET /css/layout-3968798113.css HTTP/1.1" 404 164 "http://localhost:8004/users/sign-in" "Mozilla/5.0 (Macintosh; Intel Mac OS X 10_15_7) AppleWebKit/537.36 (KHTML, like Gecko) Chrome/98.0.4758.102 Safari/537.36"
::1 - - [22/Feb/2022:07:49:10 +0000] "GET /css/forms-cd48ab2e4c.css HTTP/1.1" 404 163 "http://localhost:8004/users/sign-in" "Mozilla/5.0 (Macintosh; Intel Mac OS X 10_15_7) AppleWebKit/537.36 (KHTML, like Gecko) Chrome/98.0.4758.102 Safari/537.36"
::1 - - [22/Feb/2022:07:49:10 +0000] "GET /css/footer-d36b3adf2d.css HTTP/1.1" 404 164 "http://localhost:8004/users/sign-in" "Mozilla/5.0 (Macintosh; Intel Mac OS X 10_15_7) AppleWebKit/537.36 (KHTML, like Gecko) Chrome/98.0.4758.102 Safari/537.36"
::1 - - [22/Feb/2022:07:49:50 +0000] "GET /users/sign-in HTTP/1.1" 304 - "http://localhost:8004/" "Mozilla/5.0 (Macintosh; Intel Mac OS X 10_15_7) AppleWebKit/537.36 (KHTML, like Gecko) Chrome/98.0.4758.102 Safari/537.36"
::1 - - [22/Feb/2022:07:49:50 +0000] "GET /css/layout-3968798113.css HTTP/1.1" 404 164 "http://localhost:8004/users/sign-in" "Mozilla/5.0 (Macintosh; Intel Mac OS X 10_15_7) AppleWebKit/537.36 (KHTML, like Gecko) Chrome/98.0.4758.102 Safari/537.36"
::1 - - [22/Feb/2022:07:49:50 +0000] "GET /css/header-4b19ca85b3.css HTTP/1.1" 404 164 "http://localhost:8004/users/sign-in" "Mozilla/5.0 (Macintosh; Intel Mac OS X 10_15_7) AppleWebKit/537.36 (KHTML, like Gecko) Chrome/98.0.4758.102 Safari/537.36"
::1 - - [22/Feb/2022:07:49:50 +0000] "GET /css/footer-d36b3adf2d.css HTTP/1.1" 404 164 "http://localhost:8004/users/sign-in" "Mozilla/5.0 (Macintosh; Intel Mac OS X 10_15_7) AppleWebKit/537.36 (KHTML, like Gecko) Chrome/98.0.4758.102 Safari/537.36"
::1 - - [22/Feb/2022:07:49:50 +0000] "GET /css/forms-cd48ab2e4c.css HTTP/1.1" 404 163 "http://localhost:8004/users/sign-in" "Mozilla/5.0 (Macintosh; Intel Mac OS X 10_15_7) AppleWebKit/537.36 (KHTML, like Gecko) Chrome/98.0.4758.102 Safari/537.36"
::1 - - [22/Feb/2022:07:49:50 +0000] "GET /users/sign-in HTTP/1.1" 304 - "http://localhost:8004/" "Mozilla/5.0 (Macintosh; Intel Mac OS X 10_15_7) AppleWebKit/537.36 (KHTML, like Gecko) Chrome/98.0.4758.102 Safari/537.36"
::1 - - [22/Feb/2022:07:49:51 +0000] "GET /css/layout-3968798113.css HTTP/1.1" 404 164 "http://localhost:8004/users/sign-in" "Mozilla/5.0 (Macintosh; Intel Mac OS X 10_15_7) AppleWebKit/537.36 (KHTML, like Gecko) Chrome/98.0.4758.102 Safari/537.36"
::1 - - [22/Feb/2022:07:49:51 +0000] "GET /css/header-4b19ca85b3.css HTTP/1.1" 404 164 "http://localhost:8004/users/sign-in" "Mozilla/5.0 (Macintosh; Intel Mac OS X 10_15_7) AppleWebKit/537.36 (KHTML, like Gecko) Chrome/98.0.4758.102 Safari/537.36"
::1 - - [22/Feb/2022:07:49:51 +0000] "GET /css/footer-d36b3adf2d.css HTTP/1.1" 404 164 "http://localhost:8004/users/sign-in" "Mozilla/5.0 (Macintosh; Intel Mac OS X 10_15_7) AppleWebKit/537.36 (KHTML, like Gecko) Chrome/98.0.4758.102 Safari/537.36"
::1 - - [22/Feb/2022:07:49:51 +0000] "GET /css/forms-cd48ab2e4c.css HTTP/1.1" 404 163 "http://localhost:8004/users/sign-in" "Mozilla/5.0 (Macintosh; Intel Mac OS X 10_15_7) AppleWebKit/537.36 (KHTML, like Gecko) Chrome/98.0.4758.102 Safari/537.36"
::1 - - [22/Feb/2022:07:49:51 +0000] "GET /users/sign-in HTTP/1.1" 304 - "http://localhost:8004/" "Mozilla/5.0 (Macintosh; Intel Mac OS X 10_15_7) AppleWebKit/537.36 (KHTML, like Gecko) Chrome/98.0.4758.102 Safari/537.36"
::1 - - [22/Feb/2022:07:49:51 +0000] "GET /css/layout-3968798113.css HTTP/1.1" 404 164 "http://localhost:8004/users/sign-in" "Mozilla/5.0 (Macintosh; Intel Mac OS X 10_15_7) AppleWebKit/537.36 (KHTML, like Gecko) Chrome/98.0.4758.102 Safari/537.36"
::1 - - [22/Feb/2022:07:49:51 +0000] "GET /css/header-4b19ca85b3.css HTTP/1.1" 404 164 "http://localhost:8004/users/sign-in" "Mozilla/5.0 (Macintosh; Intel Mac OS X 10_15_7) AppleWebKit/537.36 (KHTML, like Gecko) Chrome/98.0.4758.102 Safari/537.36"
::1 - - [22/Feb/2022:07:49:51 +0000] "GET /css/footer-d36b3adf2d.css HTTP/1.1" 404 164 "http://localhost:8004/users/sign-in" "Mozilla/5.0 (Macintosh; Intel Mac OS X 10_15_7) AppleWebKit/537.36 (KHTML, like Gecko) Chrome/98.0.4758.102 Safari/537.36"
::1 - - [22/Feb/2022:07:49:51 +0000] "GET /css/forms-cd48ab2e4c.css HTTP/1.1" 404 163 "http://localhost:8004/users/sign-in" "Mozilla/5.0 (Macintosh; Intel Mac OS X 10_15_7) AppleWebKit/537.36 (KHTML, like Gecko) Chrome/98.0.4758.102 Safari/537.36"
::1 - - [22/Feb/2022:07:49:52 +0000] "GET / HTTP/1.1" 200 1850 "http://localhost:8004/users/sign-in" "Mozilla/5.0 (Macintosh; Intel Mac OS X 10_15_7) AppleWebKit/537.36 (KHTML, like Gecko) Chrome/98.0.4758.102 Safari/537.36"
::1 - - [22/Feb/2022:07:49:52 +0000] "GET /css/header-4b19ca85b3.css HTTP/1.1" 404 164 "http://localhost:8004/" "Mozilla/5.0 (Macintosh; Intel Mac OS X 10_15_7) AppleWebKit/537.36 (KHTML, like Gecko) Chrome/98.0.4758.102 Safari/537.36"
::1 - - [22/Feb/2022:07:49:52 +0000] "GET /css/layout-3968798113.css HTTP/1.1" 404 164 "http://localhost:8004/" "Mozilla/5.0 (Macintosh; Intel Mac OS X 10_15_7) AppleWebKit/537.36 (KHTML, like Gecko) Chrome/98.0.4758.102 Safari/537.36"
::1 - - [22/Feb/2022:07:49:52 +0000] "GET /css/footer-d36b3adf2d.css HTTP/1.1" 404 164 "http://localhost:8004/" "Mozilla/5.0 (Macintosh; Intel Mac OS X 10_15_7) AppleWebKit/537.36 (KHTML, like Gecko) Chrome/98.0.4758.102 Safari/537.36"
::1 - - [22/Feb/2022:07:50:20 +0000] "GET / HTTP/1.1" 304 - "http://localhost:8004/users/sign-in" "Mozilla/5.0 (Macintosh; Intel Mac OS X 10_15_7) AppleWebKit/537.36 (KHTML, like Gecko) Chrome/98.0.4758.102 Safari/537.36"
::1 - - [22/Feb/2022:07:50:21 +0000] "GET /css/layout-3968798113.css HTTP/1.1" 404 164 "http://localhost:8004/" "Mozilla/5.0 (Macintosh; Intel Mac OS X 10_15_7) AppleWebKit/537.36 (KHTML, like Gecko) Chrome/98.0.4758.102 Safari/537.36"
::1 - - [22/Feb/2022:07:50:21 +0000] "GET /css/header-4b19ca85b3.css HTTP/1.1" 404 164 "http://localhost:8004/" "Mozilla/5.0 (Macintosh; Intel Mac OS X 10_15_7) AppleWebKit/537.36 (KHTML, like Gecko) Chrome/98.0.4758.102 Safari/537.36"
::1 - - [22/Feb/2022:07:50:21 +0000] "GET /css/footer-d36b3adf2d.css HTTP/1.1" 404 164 "http://localhost:8004/" "Mozilla/5.0 (Macintosh; Intel Mac OS X 10_15_7) AppleWebKit/537.36 (KHTML, like Gecko) Chrome/98.0.4758.102 Safari/537.36"
::1 - - [22/Feb/2022:07:51:15 +0000] "GET / HTTP/1.1" 304 - "http://localhost:8004/users/sign-in" "Mozilla/5.0 (Macintosh; Intel Mac OS X 10_15_7) AppleWebKit/537.36 (KHTML, like Gecko) Chrome/98.0.4758.102 Safari/537.36"
::1 - - [22/Feb/2022:07:51:15 +0000] "GET /css/layout-3968798113.css HTTP/1.1" 404 164 "http://localhost:8004/" "Mozilla/5.0 (Macintosh; Intel Mac OS X 10_15_7) AppleWebKit/537.36 (KHTML, like Gecko) Chrome/98.0.4758.102 Safari/537.36"
::1 - - [22/Feb/2022:07:51:15 +0000] "GET /css/header-4b19ca85b3.css HTTP/1.1" 404 164 "http://localhost:8004/" "Mozilla/5.0 (Macintosh; Intel Mac OS X 10_15_7) AppleWebKit/537.36 (KHTML, like Gecko) Chrome/98.0.4758.102 Safari/537.36"
::1 - - [22/Feb/2022:07:51:15 +0000] "GET /css/footer-d36b3adf2d.css HTTP/1.1" 404 164 "http://localhost:8004/" "Mozilla/5.0 (Macintosh; Intel Mac OS X 10_15_7) AppleWebKit/537.36 (KHTML, like Gecko) Chrome/98.0.4758.102 Safari/537.36"
[0mGET / [32m200[0m 9.162 ms - 1814[0m
[0mGET /users/sign-in [32m200[0m 5.599 ms - 2436[0m
[0mGET /users/css/layout.css [33m404[0m 5.770 ms - 159[0m
[0mGET /users/css/header.css [33m404[0m 7.630 ms - 159[0m
[0mGET /users/css/forms.css [33m404[0m 11.389 ms - 158[0m
[0mGET /users/css/footer.css [33m404[0m 8.315 ms - 159[0m
[0mGET / [36m304[0m 2.842 ms - -[0m
[0mGET / [36m304[0m 2.313 ms - -[0m
[0mGET /users/sign-in [36m304[0m 2.478 ms - -[0m
[0mGET /users/css/layout.css [33m404[0m 3.626 ms - 159[0m
[0mGET /users/css/footer.css [33m404[0m 4.122 ms - 159[0m
[0mGET /users/css/header.css [33m404[0m 4.672 ms - 159[0m
[0mGET /users/css/forms.css [33m404[0m 4.217 ms - 158[0m
[0mGET /users/sign-in [36m304[0m 2.389 ms - -[0m
[0mGET /users/css/header.css [33m404[0m 4.804 ms - 159[0m
[0mGET /users/css/layout.css [33m404[0m 3.727 ms - 159[0m
[0mGET /users/css/footer.css [33m404[0m 4.655 ms - 159[0m
[0mGET /users/css/forms.css [33m404[0m 4.095 ms - 158[0m
[0mGET /users/sign-in [36m304[0m 1.972 ms - -[0m
[0mGET /users/css/header.css [33m404[0m 4.904 ms - 159[0m
[0mGET /users/css/layout.css [33m404[0m 5.839 ms - 159[0m
[0mGET /users/css/footer.css [33m404[0m 4.662 ms - 159[0m
[0mGET /users/css/forms.css [33m404[0m 6.513 ms - 158[0m
[0mGET /users/css/layout.css [33m404[0m 1.970 ms - 159[0m
[0mGET /users/sign-in [36m304[0m 1.954 ms - -[0m
[0mGET /users/css/footer.css [33m404[0m 5.454 ms - 159[0m
[0mGET /users/css/layout.css [33m404[0m 6.229 ms - 159[0m
[0mGET /users/css/header.css [33m404[0m 5.399 ms - 159[0m
[0mGET /users/css/forms.css [33m404[0m 5.355 ms - 158[0m
[0mGET /users/css/layout.css [33m404[0m 1.712 ms - 159[0m
[0mGET /users/sign-in [36m304[0m 1.960 ms - -[0m
[0mGET /users/css/header.css [33m404[0m 4.857 ms - 159[0m
[0mGET /users/css/layout.css [33m404[0m 4.488 ms - 159[0m
[0mGET /users/css/footer.css [33m404[0m 4.271 ms - 159[0m
[0mGET /users/css/forms.css [33m404[0m 3.821 ms - 158[0m
[0mGET /users/css/layout.css [33m404[0m 1.874 ms - 159[0m
[0mGET /users/sign-in [36m304[0m 1.732 ms - -[0m
[0mGET /users/css/layout.css [33m404[0m 2.255 ms - 159[0m
[0mGET /users/css/header.css [33m404[0m 4.614 ms - 159[0m
[0mGET /users/css/footer.css [33m404[0m 4.674 ms - 159[0m
[0mGET /users/css/forms.css [33m404[0m 5.336 ms - 158[0m
[0mGET /users/sign-in [36m304[0m 1.874 ms - -[0m
[0mGET /users/css/header.css [33m404[0m 8.014 ms - 159[0m
[0mGET /users/css/layout.css [33m404[0m 6.551 ms - 159[0m
[0mGET /users/css/footer.css [33m404[0m 8.140 ms - 159[0m
[0mGET /users/css/forms.css [33m404[0m 8.211 ms - 158[0m
[0mGET /users/sign-in [36m304[0m 2.006 ms - -[0m
[0mGET /users/css/layout.css [33m404[0m 5.077 ms - 159[0m
[0mGET /users/css/header.css [33m404[0m 4.531 ms - 159[0m
[0mGET /users/css/footer.css [33m404[0m 5.417 ms - 159[0m
[0mGET /users/css/forms.css [33m404[0m 5.429 ms - 158[0m
[0mGET /users/sign-in [36m304[0m 1.908 ms - -[0m
[0mGET /users/css/header.css [33m404[0m 4.779 ms - 159[0m
[0mGET /users/css/layout.css [33m404[0m 5.613 ms - 159[0m
[0mGET /users/css/footer.css [33m404[0m 4.867 ms - 159[0m
[0mGET /users/css/forms.css [33m404[0m 5.971 ms - 158[0m
[0mGET / [36m304[0m 2.475 ms - -[0m
[0mGET / [36m304[0m 1.771 ms - -[0m
[0mGET /users/sign-in [36m304[0m 2.260 ms - -[0m
[0mGET /users/css/header.css [33m404[0m 8.066 ms - 159[0m
[0mGET /users/css/layout.css [33m404[0m 6.485 ms - 159[0m
[0mGET /users/css/footer.css [33m404[0m 5.472 ms - 159[0m
[0mGET /users/css/forms.css [33m404[0m 3.556 ms - 158[0m
[0mGET /users/sign-in [36m304[0m 2.129 ms - -[0m
[0mGET /users/css/header.css [33m404[0m 6.521 ms - 159[0m
[0mGET /users/css/layout.css [33m404[0m 6.828 ms - 159[0m
[0mGET /users/css/footer.css [33m404[0m 2.548 ms - 159[0m
[0mGET /users/css/forms.css [33m404[0m 4.996 ms - 158[0m
[0mGET /users/sign-in [36m304[0m 2.214 ms - -[0m
[0mGET /users/css/layout.css [33m404[0m 4.830 ms - 159[0m
[0mGET /users/css/header.css [33m404[0m 2.931 ms - 159[0m
[0mGET /users/css/footer.css [33m404[0m 3.825 ms - 159[0m
[0mGET /users/css/forms.css [33m404[0m 2.906 ms - 158[0m
[0mGET / [36m304[0m 2.038 ms - -[0m
[0mGET / [36m304[0m 2.178 ms - -[0m
[0mGET / [36m304[0m 1.877 ms - -[0m
[0mGET / [36m304[0m 14.249 ms - -[0m
[0mGET /users/sign-in [32m200[0m 4.038 ms - 2418[0m
[0mGET /users/css/layout.css [33m404[0m 6.660 ms - 159[0m
[0mGET /users/css/header.css [33m404[0m 9.250 ms - 159[0m
[0mGET /users/css/footer.css [33m404[0m 9.554 ms - 159[0m
[0mGET /users/css/forms.css [33m404[0m 13.227 ms - 158[0m
[0mGET /users/sign-in [36m304[0m 13.028 ms - -[0m
[0mGET /users/css/layout.css [33m404[0m 7.199 ms - 159[0m
[0mGET /users/css/header.css [33m404[0m 8.828 ms - 159[0m
[0mGET /users/css/footer.css [33m404[0m 8.026 ms - 159[0m
[0mGET /users/css/forms.css [33m404[0m 10.786 ms - 158[0m
[0mGET / [36m304[0m 3.659 ms - -[0m
[0mGET /users/sign-in [36m304[0m 3.454 ms - -[0m
[0mGET /users/css/layout.css [33m404[0m 3.753 ms - 159[0m
[0mGET /users/css/header.css [33m404[0m 3.435 ms - 159[0m
[0mGET /users/css/footer.css [33m404[0m 3.134 ms - 159[0m
[0mGET /users/css/forms.css [33m404[0m 4.207 ms - 158[0m
::1 - - [22/Feb/2022:08:29:29 +0000] "GET /users/sign-in HTTP/1.1" 200 2421 "http://localhost:8004/" "Mozilla/5.0 (Macintosh; Intel Mac OS X 10_15_7) AppleWebKit/537.36 (KHTML, like Gecko) Chrome/98.0.4758.102 Safari/537.36"
::1 - - [22/Feb/2022:08:29:52 +0000] "GET / HTTP/1.1" 200 1814 "-" "Mozilla/5.0 (Macintosh; Intel Mac OS X 10_15_7) AppleWebKit/537.36 (KHTML, like Gecko) Chrome/98.0.4758.102 Safari/537.36"
::1 - - [22/Feb/2022:08:29:54 +0000] "GET /users/sign-in HTTP/1.1" 304 - "http://localhost:8004/" "Mozilla/5.0 (Macintosh; Intel Mac OS X 10_15_7) AppleWebKit/537.36 (KHTML, like Gecko) Chrome/98.0.4758.102 Safari/537.36"
::1 - - [22/Feb/2022:08:29:56 +0000] "GET /users/sign-up HTTP/1.1" 200 2520 "http://localhost:8004/users/sign-in" "Mozilla/5.0 (Macintosh; Intel Mac OS X 10_15_7) AppleWebKit/537.36 (KHTML, like Gecko) Chrome/98.0.4758.102 Safari/537.36"
::1 - - [22/Feb/2022:08:33:58 +0000] "POST /users/create-session HTTP/1.1" 302 72 "http://localhost:8004/users/sign-in" "Mozilla/5.0 (Macintosh; Intel Mac OS X 10_15_7) AppleWebKit/537.36 (KHTML, like Gecko) Chrome/98.0.4758.102 Safari/537.36"
::1 - - [22/Feb/2022:08:33:58 +0000] "GET /users/sign-in HTTP/1.1" 200 2710 "http://localhost:8004/users/sign-in" "Mozilla/5.0 (Macintosh; Intel Mac OS X 10_15_7) AppleWebKit/537.36 (KHTML, like Gecko) Chrome/98.0.4758.102 Safari/537.36"
::1 - - [22/Feb/2022:08:34:06 +0000] "GET /users/sign-up HTTP/1.1" 304 - "http://localhost:8004/users/sign-in" "Mozilla/5.0 (Macintosh; Intel Mac OS X 10_15_7) AppleWebKit/537.36 (KHTML, like Gecko) Chrome/98.0.4758.102 Safari/537.36"
::1 - - [22/Feb/2022:08:34:23 +0000] "POST /users/create HTTP/1.1" 302 72 "http://localhost:8004/users/sign-up" "Mozilla/5.0 (Macintosh; Intel Mac OS X 10_15_7) AppleWebKit/537.36 (KHTML, like Gecko) Chrome/98.0.4758.102 Safari/537.36"
::1 - - [22/Feb/2022:08:34:23 +0000] "GET /users/sign-in HTTP/1.1" 200 2739 "http://localhost:8004/users/sign-up" "Mozilla/5.0 (Macintosh; Intel Mac OS X 10_15_7) AppleWebKit/537.36 (KHTML, like Gecko) Chrome/98.0.4758.102 Safari/537.36"
::1 - - [22/Feb/2022:08:34:33 +0000] "POST /users/create-session HTTP/1.1" 302 46 "http://localhost:8004/users/sign-in" "Mozilla/5.0 (Macintosh; Intel Mac OS X 10_15_7) AppleWebKit/537.36 (KHTML, like Gecko) Chrome/98.0.4758.102 Safari/537.36"
::1 - - [22/Feb/2022:08:34:33 +0000] "GET / HTTP/1.1" 200 2050 "http://localhost:8004/users/sign-in" "Mozilla/5.0 (Macintosh; Intel Mac OS X 10_15_7) AppleWebKit/537.36 (KHTML, like Gecko) Chrome/98.0.4758.102 Safari/537.36"
::1 - - [22/Feb/2022:08:34:59 +0000] "GET /users/sign-out HTTP/1.1" 302 46 "http://localhost:8004/" "Mozilla/5.0 (Macintosh; Intel Mac OS X 10_15_7) AppleWebKit/537.36 (KHTML, like Gecko) Chrome/98.0.4758.102 Safari/537.36"
::1 - - [22/Feb/2022:08:34:59 +0000] "GET / HTTP/1.1" 200 2055 "http://localhost:8004/" "Mozilla/5.0 (Macintosh; Intel Mac OS X 10_15_7) AppleWebKit/537.36 (KHTML, like Gecko) Chrome/98.0.4758.102 Safari/537.36"
::1 - - [22/Feb/2022:08:35:14 +0000] "GET /users/sign-in HTTP/1.1" 200 2421 "http://localhost:8004/" "Mozilla/5.0 (Macintosh; Intel Mac OS X 10_15_7) AppleWebKit/537.36 (KHTML, like Gecko) Chrome/98.0.4758.102 Safari/537.36"
[0mGET / [32m200[0m 10.511 ms - 1814[0m
[0mGET /favicon.ico [33m404[0m 4.587 ms - 150[0m
[0mGET /users/sign-in [32m200[0m 4.685 ms - 2421[0m
[0mGET /users/auth/google [36m302[0m 3.246 ms - 0[0m
[0mGET /reset-password [32m200[0m 3.433 ms - 2027[0m
[0mPOST /reset-password/email [36m302[0m 32.929 ms - 72[0m
[0mGET /users/sign-in [32m200[0m 2.855 ms - 2708[0m
[0mGET / [36m304[0m 12.755 ms - -[0m
[0mGET /users/sign-in [32m200[0m 3.893 ms - 2421[0m
[0mGET /reset-password [36m304[0m 4.643 ms - -[0m
[0mPOST /reset-password/email [36m302[0m 25.200 ms - 72[0m
[0mGET /users/sign-in [32m200[0m 3.789 ms - 2708[0m
